<?xml version="1.0" encoding="UTF-8"?>
<!-- Generated by org.testng.reporters.JUnitReportReporter -->
<testsuite hostname="QT-INBG-LT0151" failures="0" tests="2" name="Prasanth.QTAutomation.TestngImp" time="0.030" errors="0" timestamp="2022-07-28T01:22:30 GMT-04:00" skipped="0">
  <testcase classname="Prasanth.QTAutomation.TestngImp" name="multiplication" time="0.008"/>
  <system-out/>
  <testcase classname="Prasanth.QTAutomation.TestngImp" name="division" time="0.022"/>
  <system-out/>
</testsuite> <!-- Prasanth.QTAutomation.TestngImp -->
